<?xml version="1.0" encoding="UTF-8"?>
<testsuite xmlns:xsi="http://www.w3.org/2001/XMLSchema-instance" xsi:noNamespaceSchemaLocation="https://maven.apache.org/surefire/maven-surefire-plugin/xsd/surefire-test-report-3.0.xsd" version="3.0" name="br.com.dv.integracaoapitransport.IntegracaoApiTransportApplicationTests" time="3.608" tests="1" errors="0" skipped="0" failures="0">
  <properties>
[...]
</properties>
  <testcase name="contextLoads" classname="br.com.dv.integracaoapitransport.IntegracaoApiTransportApplicationTests" time="0.965">
    <system-out><![CDATA[17:37:28.621 [main] INFO org.springframework.test.context.support.AnnotationConfigContextLoaderUtils -- Could not detect default configuration classes for test class [br.com.dv.integracaoapitransport.IntegracaoApiTransportApplicationTests]: IntegracaoApiTransportApplicationTests does not declare any static, non-private, non-final, nested classes annotated with @Configuration.
17:37:28.755 [main] INFO org.springframework.boot.test.context.SpringBootTestContextBootstrapper -- Found @SpringBootConfiguration br.com.dv.integracaoapitransport.IntegracaoApiTransportApplication for test class br.com.dv.integracaoapitransport.IntegracaoApiTransportApplicationTests

  .   ____          _            __ _ _
 /\\ / ___'_ __ _ _(_)_ __  __ _ \ \ \ \
( ( )\___ | '_ | '_| | '_ \/ _` | \ \ \ \
 \\/  ___)| |_)| | | | | || (_| |  ) ) ) )
  '  |____| .__|_| |_|_| |_\__, | / / / /
 =========|_|==============|___/=/_/_/_/
 :: Spring Boot ::                (v3.1.0)

2023-05-29T17:37:29.380-03:00  INFO 32888 --- [           main] i.IntegracaoApiTransportApplicationTests : Starting IntegracaoApiTransportApplicationTests using Java 17.0.7 with PID 32888 (started by Douglas in C:\Users\douglasv\Documents\Main\z\intgc\integracao-api-jadlog)
2023-05-29T17:37:29.383-03:00  INFO 32888 --- [           main] i.IntegracaoApiTransportApplicationTests : No active profile set, falling back to 1 default profile: "default"
2023-05-29T17:37:31.027-03:00  INFO 32888 --- [           main] i.IntegracaoApiTransportApplicationTests : Started IntegracaoApiTransportApplicationTests in 2.046 seconds (process running for 3.402)
]]></system-out>
  </testcase>
</testsuite>